# JRE version: Java(TM) SE Runtime Environment (7.0_71-b14) (build 1.7.0_71-b14)
# Java VM: Java HotSpot(TM) 64-Bit Server VM (24.71-b01 mixed mode windows-amd64 compressed oops)
Heap
 PSYoungGen      total 138240K, used 47450K [0x00000000eaa80000, 0x00000000f9180000, 0x0000000100000000)
  eden space 129024K, 29% used [0x00000000eaa80000,0x00000000ecfd9b50,0x00000000f2880000)
  from space 9216K, 99% used [0x00000000f2880000,0x00000000f317d010,0x00000000f3180000)
  to   space 14848K, 0% used [0x00000000f8300000,0x00000000f8300000,0x00000000f9180000)
 ParOldGen       total 41984K, used 23803K [0x00000000c0000000, 0x00000000c2900000, 0x00000000eaa80000)
  object space 41984K, 56% used [0x00000000c0000000,0x00000000c173ed70,0x00000000c2900000)
 PSPermGen       total 35840K, used 35382K [0x00000000b0000000, 0x00000000b2300000, 0x00000000c0000000)
  object space 35840K, 98% used [0x00000000b0000000,0x00000000b228d9b0,0x00000000b2300000)
GC Heap History (10 events):
Event: 6.052 GC heap before
{Heap before GC invocations=5 (full 0):
 PSYoungGen      total 35328K, used 35294K [0x00000000eaa80000, 0x00000000ecf80000, 0x0000000100000000)
  eden space 32768K, 99% used [0x00000000eaa80000,0x00000000eca7fa68,0x00000000eca80000)
  from space 2560K, 98% used [0x00000000ecd00000,0x00000000ecf78020,0x00000000ecf80000)
  to   space 2560K, 0% used [0x00000000eca80000,0x00000000eca80000,0x00000000ecd00000)
 ParOldGen       total 41984K, used 6435K [0x00000000c0000000, 0x00000000c2900000, 0x00000000eaa80000)
  object space 41984K, 15% used [0x00000000c0000000,0x00000000c0648f88,0x00000000c2900000)
 PSPermGen       total 21504K, used 18806K [0x00000000b0000000, 0x00000000b1500000, 0x00000000c0000000)
  object space 21504K, 87% used [0x00000000b0000000,0x00000000b125d9b8,0x00000000b1500000)
Event: 6.066 GC heap after
Heap after GC invocations=5 (full 0):
 PSYoungGen      total 35328K, used 2532K [0x00000000eaa80000, 0x00000000ef980000, 0x0000000100000000)
  eden space 32768K, 0% used [0x00000000eaa80000,0x00000000eaa80000,0x00000000eca80000)
  from space 2560K, 98% used [0x00000000eca80000,0x00000000eccf9298,0x00000000ecd00000)
  to   space 7680K, 0% used [0x00000000ef200000,0x00000000ef200000,0x00000000ef980000)
 ParOldGen       total 41984K, used 10549K [0x00000000c0000000, 0x00000000c2900000, 0x00000000eaa80000)
  object space 41984K, 25% used [0x00000000c0000000,0x00000000c0a4d698,0x00000000c2900000)
 PSPermGen       total 21504K, used 18806K [0x00000000b0000000, 0x00000000b1500000, 0x00000000c0000000)
  object space 21504K, 87% used [0x00000000b0000000,0x00000000b125d9b8,0x00000000b1500000)
}
Event: 6.655 GC heap before
{Heap before GC invocations=6 (full 0):
 PSYoungGen      total 35328K, used 35300K [0x00000000eaa80000, 0x00000000ef980000, 0x0000000100000000)
  eden space 32768K, 100% used [0x00000000eaa80000,0x00000000eca80000,0x00000000eca80000)
  from space 2560K, 98% used [0x00000000eca80000,0x00000000eccf9298,0x00000000ecd00000)
  to   space 7680K, 0% used [0x00000000ef200000,0x00000000ef200000,0x00000000ef980000)
 ParOldGen       total 41984K, used 10549K [0x00000000c0000000, 0x00000000c2900000, 0x00000000eaa80000)
  object space 41984K, 25% used [0x00000000c0000000,0x00000000c0a4d698,0x00000000c2900000)
 PSPermGen       total 21504K, used 20521K [0x00000000b0000000, 0x00000000b1500000, 0x00000000c0000000)
  object space 21504K, 95% used [0x00000000b0000000,0x00000000b140a6c8,0x00000000b1500000)
Event: 6.665 GC heap after
Heap after GC invocations=6 (full 0):
 PSYoungGen      total 73216K, used 4745K [0x00000000eaa80000, 0x00000000ef980000, 0x0000000100000000)
  eden space 65536K, 0% used [0x00000000eaa80000,0x00000000eaa80000,0x00000000eea80000)
  from space 7680K, 61% used [0x00000000ef200000,0x00000000ef6a2758,0x00000000ef980000)
  to   space 7680K, 0% used [0x00000000eea80000,0x00000000eea80000,0x00000000ef200000)
 ParOldGen       total 41984K, used 10549K [0x00000000c0000000, 0x00000000c2900000, 0x00000000eaa80000)
  object space 41984K, 25% used [0x00000000c0000000,0x00000000c0a4d698,0x00000000c2900000)
 PSPermGen       total 21504K, used 20521K [0x00000000b0000000, 0x00000000b1500000, 0x00000000c0000000)
  object space 21504K, 95% used [0x00000000b0000000,0x00000000b140a6c8,0x00000000b1500000)
}
Event: 7.063 GC heap before
{Heap before GC invocations=7 (full 0):
 PSYoungGen      total 73216K, used 70281K [0x00000000eaa80000, 0x00000000ef980000, 0x0000000100000000)
  eden space 65536K, 100% used [0x00000000eaa80000,0x00000000eea80000,0x00000000eea80000)
  from space 7680K, 61% used [0x00000000ef200000,0x00000000ef6a2758,0x00000000ef980000)
  to   space 7680K, 0% used [0x00000000eea80000,0x00000000eea80000,0x00000000ef200000)
 ParOldGen       total 41984K, used 10549K [0x00000000c0000000, 0x00000000c2900000, 0x00000000eaa80000)
  object space 41984K, 25% used [0x00000000c0000000,0x00000000c0a4d698,0x00000000c2900000)
 PSPermGen       total 21504K, used 20537K [0x00000000b0000000, 0x00000000b1500000, 0x00000000c0000000)
  object space 21504K, 95% used [0x00000000b0000000,0x00000000b140e4f8,0x00000000b1500000)
Event: 7.074 GC heap after
Heap after GC invocations=7 (full 0):
 PSYoungGen      total 73216K, used 3320K [0x00000000eaa80000, 0x00000000f3880000, 0x0000000100000000)
  eden space 65536K, 0% used [0x00000000eaa80000,0x00000000eaa80000,0x00000000eea80000)
  from space 7680K, 43% used [0x00000000eea80000,0x00000000eedbe368,0x00000000ef200000)
  to   space 7168K, 0% used [0x00000000f3180000,0x00000000f3180000,0x00000000f3880000)
 ParOldGen       total 41984K, used 11269K [0x00000000c0000000, 0x00000000c2900000, 0x00000000eaa80000)
  object space 41984K, 26% used [0x00000000c0000000,0x00000000c0b01738,0x00000000c2900000)
 PSPermGen       total 21504K, used 20537K [0x00000000b0000000, 0x00000000b1500000, 0x00000000c0000000)
  object space 21504K, 95% used [0x00000000b0000000,0x00000000b140e4f8,0x00000000b1500000)
}
Event: 8.307 GC heap before
{Heap before GC invocations=8 (full 0):
 PSYoungGen      total 73216K, used 68856K [0x00000000eaa80000, 0x00000000f3880000, 0x0000000100000000)
  eden space 65536K, 100% used [0x00000000eaa80000,0x00000000eea80000,0x00000000eea80000)
  from space 7680K, 43% used [0x00000000eea80000,0x00000000eedbe368,0x00000000ef200000)
  to   space 7168K, 0% used [0x00000000f3180000,0x00000000f3180000,0x00000000f3880000)
 ParOldGen       total 41984K, used 11269K [0x00000000c0000000, 0x00000000c2900000, 0x00000000eaa80000)
  object space 41984K, 26% used [0x00000000c0000000,0x00000000c0b01738,0x00000000c2900000)
 PSPermGen       total 24064K, used 23636K [0x00000000b0000000, 0x00000000b1780000, 0x00000000c0000000)
  object space 24064K, 98% used [0x00000000b0000000,0x00000000b1715388,0x00000000b1780000)
Event: 8.322 GC heap after
Heap after GC invocations=8 (full 0):
 PSYoungGen      total 136192K, used 7147K [0x00000000eaa80000, 0x00000000f3c80000, 0x0000000100000000)
  eden space 129024K, 0% used [0x00000000eaa80000,0x00000000eaa80000,0x00000000f2880000)
  from space 7168K, 99% used [0x00000000f3180000,0x00000000f387af48,0x00000000f3880000)
  to   space 9216K, 0% used [0x00000000f2880000,0x00000000f2880000,0x00000000f3180000)
 ParOldGen       total 41984K, used 13048K [0x00000000c0000000, 0x00000000c2900000, 0x00000000eaa80000)
  object space 41984K, 31% used [0x00000000c0000000,0x00000000c0cbe260,0x00000000c2900000)
 PSPermGen       total 24064K, used 23636K [0x00000000b0000000, 0x00000000b1780000, 0x00000000c0000000)
  object space 24064K, 98% used [0x00000000b0000000,0x00000000b1715388,0x00000000b1780000)
}
Event: 12.019 GC heap before
{Heap before GC invocations=9 (full 0):
 PSYoungGen      total 136192K, used 136171K [0x00000000eaa80000, 0x00000000f3c80000, 0x0000000100000000)
  eden space 129024K, 100% used [0x00000000eaa80000,0x00000000f2880000,0x00000000f2880000)
  from space 7168K, 99% used [0x00000000f3180000,0x00000000f387af48,0x00000000f3880000)
  to   space 9216K, 0% used [0x00000000f2880000,0x00000000f2880000,0x00000000f3180000)
 ParOldGen       total 41984K, used 13048K [0x00000000c0000000, 0x00000000c2900000, 0x00000000eaa80000)
  object space 41984K, 31% used [0x00000000c0000000,0x00000000c0cbe260,0x00000000c2900000)
 PSPermGen       total 32256K, used 31913K [0x00000000b0000000, 0x00000000b1f80000, 0x00000000c0000000)
  object space 32256K, 98% used [0x00000000b0000000,0x00000000b1f2a6f0,0x00000000b1f80000)
Event: 12.077 GC heap after
Heap after GC invocations=9 (full 0):
 PSYoungGen      total 138240K, used 9204K [0x00000000eaa80000, 0x00000000f9180000, 0x0000000100000000)
  eden space 129024K, 0% used [0x00000000eaa80000,0x00000000eaa80000,0x00000000f2880000)
  from space 9216K, 99% used [0x00000000f2880000,0x00000000f317d010,0x00000000f3180000)
  to   space 14848K, 0% used [0x00000000f8300000,0x00000000f8300000,0x00000000f9180000)
 ParOldGen       total 41984K, used 23803K [0x00000000c0000000, 0x00000000c2900000, 0x00000000eaa80000)
  object space 41984K, 56% used [0x00000000c0000000,0x00000000c173ed70,0x00000000c2900000)
 PSPermGen       total 32256K, used 31913K [0x00000000b0000000, 0x00000000b1f80000, 0x00000000c0000000)
  object space 32256K, 98% used [0x00000000b0000000,0x00000000b1f2a6f0,0x00000000b1f80000)
}

