# JRE version: Java(TM) SE Runtime Environment (7.0_71-b14) (build 1.7.0_71-b14)
# Java VM: Java HotSpot(TM) 64-Bit Server VM (24.71-b01 mixed mode windows-amd64 compressed oops)
Heap
 PSYoungGen      total 172544K, used 126208K [0x00000000eaa80000, 0x00000000fbb00000, 0x0000000100000000)
  eden space 165888K, 73% used [0x00000000eaa80000,0x00000000f2213e30,0x00000000f4c80000)
  from space 6656K, 56% used [0x00000000f4c80000,0x00000000f502c5b8,0x00000000f5300000)
  to   space 6656K, 0% used [0x00000000fb480000,0x00000000fb480000,0x00000000fbb00000)
 ParOldGen       total 41984K, used 19257K [0x00000000c0000000, 0x00000000c2900000, 0x00000000eaa80000)
  object space 41984K, 45% used [0x00000000c0000000,0x00000000c12ce6f8,0x00000000c2900000)
 PSPermGen       total 35840K, used 35589K [0x00000000b0000000, 0x00000000b2300000, 0x00000000c0000000)
  object space 35840K, 99% used [0x00000000b0000000,0x00000000b22c1420,0x00000000b2300000)
GC Heap History (10 events):
Event: 8.610 GC heap before
{Heap before GC invocations=11 (full 0):
 PSYoungGen      total 71168K, used 64992K [0x00000000eaa80000, 0x00000000ef800000, 0x0000000100000000)
  eden space 64512K, 100% used [0x00000000eaa80000,0x00000000ee980000,0x00000000ee980000)
  from space 6656K, 7% used [0x00000000ef080000,0x00000000ef0f8000,0x00000000ef700000)
  to   space 7168K, 0% used [0x00000000ee980000,0x00000000ee980000,0x00000000ef080000)
 ParOldGen       total 41984K, used 12500K [0x00000000c0000000, 0x00000000c2900000, 0x00000000eaa80000)
  object space 41984K, 29% used [0x00000000c0000000,0x00000000c0c35040,0x00000000c2900000)
 PSPermGen       total 23040K, used 22580K [0x00000000b0000000, 0x00000000b1680000, 0x00000000c0000000)
  object space 23040K, 98% used [0x00000000b0000000,0x00000000b160d300,0x00000000b1680000)
Event: 8.618 GC heap after
Heap after GC invocations=11 (full 0):
 PSYoungGen      total 71680K, used 3346K [0x00000000eaa80000, 0x00000000f1c80000, 0x0000000100000000)
  eden space 64512K, 0% used [0x00000000eaa80000,0x00000000eaa80000,0x00000000ee980000)
  from space 7168K, 46% used [0x00000000ee980000,0x00000000eecc4b68,0x00000000ef080000)
  to   space 6656K, 0% used [0x00000000f1600000,0x00000000f1600000,0x00000000f1c80000)
 ParOldGen       total 41984K, used 12892K [0x00000000c0000000, 0x00000000c2900000, 0x00000000eaa80000)
  object space 41984K, 30% used [0x00000000c0000000,0x00000000c0c97050,0x00000000c2900000)
 PSPermGen       total 23040K, used 22580K [0x00000000b0000000, 0x00000000b1680000, 0x00000000c0000000)
  object space 23040K, 98% used [0x00000000b0000000,0x00000000b160d300,0x00000000b1680000)
}
Event: 8.989 GC heap before
{Heap before GC invocations=12 (full 0):
 PSYoungGen      total 71680K, used 67858K [0x00000000eaa80000, 0x00000000f1c80000, 0x0000000100000000)
  eden space 64512K, 100% used [0x00000000eaa80000,0x00000000ee980000,0x00000000ee980000)
  from space 7168K, 46% used [0x00000000ee980000,0x00000000eecc4b68,0x00000000ef080000)
  to   space 6656K, 0% used [0x00000000f1600000,0x00000000f1600000,0x00000000f1c80000)
 ParOldGen       total 41984K, used 12892K [0x00000000c0000000, 0x00000000c2900000, 0x00000000eaa80000)
  object space 41984K, 30% used [0x00000000c0000000,0x00000000c0c97050,0x00000000c2900000)
 PSPermGen       total 23040K, used 22589K [0x00000000b0000000, 0x00000000b1680000, 0x00000000c0000000)
  object space 23040K, 98% used [0x00000000b0000000,0x00000000b160f7d8,0x00000000b1680000)
Event: 8.993 GC heap after
Heap after GC invocations=12 (full 0):
 PSYoungGen      total 110080K, used 416K [0x00000000eaa80000, 0x00000000f1c80000, 0x0000000100000000)
  eden space 103424K, 0% used [0x00000000eaa80000,0x00000000eaa80000,0x00000000f0f80000)
  from space 6656K, 6% used [0x00000000f1600000,0x00000000f1668000,0x00000000f1c80000)
  to   space 6656K, 0% used [0x00000000f0f80000,0x00000000f0f80000,0x00000000f1600000)
 ParOldGen       total 41984K, used 14827K [0x00000000c0000000, 0x00000000c2900000, 0x00000000eaa80000)
  object space 41984K, 35% used [0x00000000c0000000,0x00000000c0e7aeb8,0x00000000c2900000)
 PSPermGen       total 23040K, used 22589K [0x00000000b0000000, 0x00000000b1680000, 0x00000000c0000000)
  object space 23040K, 98% used [0x00000000b0000000,0x00000000b160f7d8,0x00000000b1680000)
}
Event: 10.050 GC heap before
{Heap before GC invocations=13 (full 0):
 PSYoungGen      total 110080K, used 103840K [0x00000000eaa80000, 0x00000000f1c80000, 0x0000000100000000)
  eden space 103424K, 100% used [0x00000000eaa80000,0x00000000f0f80000,0x00000000f0f80000)
  from space 6656K, 6% used [0x00000000f1600000,0x00000000f1668000,0x00000000f1c80000)
  to   space 6656K, 0% used [0x00000000f0f80000,0x00000000f0f80000,0x00000000f1600000)
 ParOldGen       total 41984K, used 14827K [0x00000000c0000000, 0x00000000c2900000, 0x00000000eaa80000)
  object space 41984K, 35% used [0x00000000c0000000,0x00000000c0e7aeb8,0x00000000c2900000)
 PSPermGen       total 24064K, used 23906K [0x00000000b0000000, 0x00000000b1780000, 0x00000000c0000000)
  object space 24064K, 99% used [0x00000000b0000000,0x00000000b1758990,0x00000000b1780000)
Event: 10.057 GC heap after
Heap after GC invocations=13 (full 0):
 PSYoungGen      total 110080K, used 4100K [0x00000000eaa80000, 0x00000000f5980000, 0x0000000100000000)
  eden space 103424K, 0% used [0x00000000eaa80000,0x00000000eaa80000,0x00000000f0f80000)
  from space 6656K, 61% used [0x00000000f0f80000,0x00000000f13811d0,0x00000000f1600000)
  to   space 6656K, 0% used [0x00000000f5300000,0x00000000f5300000,0x00000000f5980000)
 ParOldGen       total 41984K, used 15167K [0x00000000c0000000, 0x00000000c2900000, 0x00000000eaa80000)
  object space 41984K, 36% used [0x00000000c0000000,0x00000000c0ecfef8,0x00000000c2900000)
 PSPermGen       total 24064K, used 23906K [0x00000000b0000000, 0x00000000b1780000, 0x00000000c0000000)
  object space 24064K, 99% used [0x00000000b0000000,0x00000000b1758990,0x00000000b1780000)
}
Event: 10.690 GC heap before
{Heap before GC invocations=14 (full 0):
 PSYoungGen      total 110080K, used 107524K [0x00000000eaa80000, 0x00000000f5980000, 0x0000000100000000)
  eden space 103424K, 100% used [0x00000000eaa80000,0x00000000f0f80000,0x00000000f0f80000)
  from space 6656K, 61% used [0x00000000f0f80000,0x00000000f13811d0,0x00000000f1600000)
  to   space 6656K, 0% used [0x00000000f5300000,0x00000000f5300000,0x00000000f5980000)
 ParOldGen       total 41984K, used 15167K [0x00000000c0000000, 0x00000000c2900000, 0x00000000eaa80000)
  object space 41984K, 36% used [0x00000000c0000000,0x00000000c0ecfef8,0x00000000c2900000)
 PSPermGen       total 25600K, used 25107K [0x00000000b0000000, 0x00000000b1900000, 0x00000000c0000000)
  object space 25600K, 98% used [0x00000000b0000000,0x00000000b1884e18,0x00000000b1900000)
Event: 10.705 GC heap after
Heap after GC invocations=14 (full 0):
 PSYoungGen      total 172544K, used 2193K [0x00000000eaa80000, 0x00000000f5980000, 0x0000000100000000)
  eden space 165888K, 0% used [0x00000000eaa80000,0x00000000eaa80000,0x00000000f4c80000)
  from space 6656K, 32% used [0x00000000f5300000,0x00000000f5524540,0x00000000f5980000)
  to   space 6656K, 0% used [0x00000000f4c80000,0x00000000f4c80000,0x00000000f5300000)
 ParOldGen       total 41984K, used 18100K [0x00000000c0000000, 0x00000000c2900000, 0x00000000eaa80000)
  object space 41984K, 43% used [0x00000000c0000000,0x00000000c11ad0e0,0x00000000c2900000)
 PSPermGen       total 25600K, used 25107K [0x00000000b0000000, 0x00000000b1900000, 0x00000000c0000000)
  object space 25600K, 98% used [0x00000000b0000000,0x00000000b1884e18,0x00000000b1900000)
}
Event: 15.076 GC heap before
{Heap before GC invocations=15 (full 0):
 PSYoungGen      total 172544K, used 168081K [0x00000000eaa80000, 0x00000000f5980000, 0x0000000100000000)
  eden space 165888K, 100% used [0x00000000eaa80000,0x00000000f4c80000,0x00000000f4c80000)
  from space 6656K, 32% used [0x00000000f5300000,0x00000000f5524540,0x00000000f5980000)
  to   space 6656K, 0% used [0x00000000f4c80000,0x00000000f4c80000,0x00000000f5300000)
 ParOldGen       total 41984K, used 18100K [0x00000000c0000000, 0x00000000c2900000, 0x00000000eaa80000)
  object space 41984K, 43% used [0x00000000c0000000,0x00000000c11ad0e0,0x00000000c2900000)
 PSPermGen       total 28160K, used 27813K [0x00000000b0000000, 0x00000000b1b80000, 0x00000000c0000000)
  object space 28160K, 98% used [0x00000000b0000000,0x00000000b1b294f0,0x00000000b1b80000)
Event: 15.085 GC heap after
Heap after GC invocations=15 (full 0):
 PSYoungGen      total 172544K, used 3761K [0x00000000eaa80000, 0x00000000fbb00000, 0x0000000100000000)
  eden space 165888K, 0% used [0x00000000eaa80000,0x00000000eaa80000,0x00000000f4c80000)
  from space 6656K, 56% used [0x00000000f4c80000,0x00000000f502c5b8,0x00000000f5300000)
  to   space 6656K, 0% used [0x00000000fb480000,0x00000000fb480000,0x00000000fbb00000)
 ParOldGen       total 41984K, used 19257K [0x00000000c0000000, 0x00000000c2900000, 0x00000000eaa80000)
  object space 41984K, 45% used [0x00000000c0000000,0x00000000c12ce6f8,0x00000000c2900000)
 PSPermGen       total 28160K, used 27813K [0x00000000b0000000, 0x00000000b1b80000, 0x00000000c0000000)
  object space 28160K, 98% used [0x00000000b0000000,0x00000000b1b294f0,0x00000000b1b80000)
}

